<?xml version="1.0" encoding="UTF-8"?>
<!-- Generated by org.testng.reporters.JUnitReportReporter -->
<testsuite hostname="DESKTOP-1P5CU94" failures="0" tests="8" name="com.training.testcase.ContactTest" time="104.925" errors="0" timestamp="2024-09-09T12:29:18 GMT-05:00" skipped="0">
  <testcase classname="com.training.testcase.ContactTest" name="verifysaveandnewbutton" time="12.433"/>
  <testcase classname="com.training.testcase.ContactTest" name="verifyerrorcreatingview" time="13.355"/>
  <testcase classname="com.training.testcase.ContactTest" name="verifyviewacontact" time="14.643"/>
  <testcase classname="com.training.testcase.ContactTest" name="verifycancelbutton" time="16.606"/>
  <testcase classname="com.training.testcase.ContactTest" name="verifycreatenewview" time="11.681"/>
  <testcase classname="com.training.testcase.ContactTest" name="verifycreatenewcontact" time="14.418"/>
  <testcase classname="com.training.testcase.ContactTest" name="verifymycontactview" time="10.725"/>
  <testcase classname="com.training.testcase.ContactTest" name="verifyrecentlycreatedcontact" time="11.064"/>
</testsuite> <!-- com.training.testcase.ContactTest -->
