<?xml version="1.0" encoding="UTF-8"?>
<!-- Generated by org.testng.reporters.JUnitReportReporter -->
<testsuite hostname="DESKTOP-1P5CU94" failures="0" tests="5" name="com.training.testcase.LoginTest" time="34.262" errors="0" timestamp="2024-09-20T12:32:43 GMT-05:00" skipped="1">
  <testcase classname="com.training.testcase.LoginTest" name="verifyLoginError" time="6.964"/>
  <system-out/>
  <testcase classname="com.training.testcase.LoginTest" name="verifylogintosaleforce" time="10.175"/>
  <system-out/>
  <testcase classname="com.training.testcase.LoginTest" name="verifyrememberuser" time="12.574"/>
  <system-out/>
  <testcase classname="com.training.testcase.LoginTest" name="validateloginerror" time="4.549"/>
  <system-out/>
  <testcase classname="com.training.testcase.LoginTest" name="Testforgetpassword">
    <skipped/>
  </testcase> <!-- Testforgetpassword -->
  <system-out/>
</testsuite> <!-- com.training.testcase.LoginTest -->
