<?xml version="1.0" encoding="UTF-8"?>
<!-- Generated by org.testng.reporters.JUnitReportReporter -->
<testsuite hostname="DESKTOP-1P5CU94" failures="0" tests="3" name="com.training.testcase.RandomTest" time="30.064" errors="0" timestamp="2024-09-09T12:29:18 GMT-05:00" skipped="0">
  <testcase classname="com.training.testcase.RandomTest" name="verifyfirstandlastname" time="13.265"/>
  <testcase classname="com.training.testcase.RandomTest" name="verifyremovetab" time="10.696"/>
  <testcase classname="com.training.testcase.RandomTest" name="verifyupdatedlastname" time="6.103"/>
</testsuite> <!-- com.training.testcase.RandomTest -->
