<?xml version="1.0" encoding="UTF-8"?>
<!-- Generated by org.testng.reporters.JUnitReportReporter -->
<testsuite hostname="DESKTOP-1P5CU94" failures="0" tests="5" name="com.training.testcase.LoginTest" time="28.436" errors="0" timestamp="2024-09-26T10:45:41 GMT-05:00" skipped="1">
  <testcase classname="com.training.testcase.LoginTest" name="verifyLoginError" time="9.811"/>
  <testcase classname="com.training.testcase.LoginTest" name="verifylogintosaleforce" time="4.438"/>
  <testcase classname="com.training.testcase.LoginTest" name="verifyrememberuser" time="11.576"/>
  <testcase classname="com.training.testcase.LoginTest" name="validateloginerror" time="2.611"/>
  <testcase classname="com.training.testcase.LoginTest" name="Testforgetpassword">
    <skipped/>
  </testcase> <!-- Testforgetpassword -->
</testsuite> <!-- com.training.testcase.LoginTest -->
